<?xml version="1.0" encoding="UTF-8"?>
<!-- Generated by org.testng.reporters.JUnitXMLReporter -->
<testsuite ignored="0" hostname="LAPTOP-QF45DOT0" failures="0" tests="15" name="Surefire test" time="0.592" errors="0" timestamp="11 Oct 2021 09:33:24 GMT">
  <testcase classname="com.edu.qa.testcases.AddCourseTest" name="@BeforeMethod setUp" time="0.055">
    <failure type="java.lang.IllegalStateException" message="The driver executable does not exist: C:\Users\praga\Downloads\chromedriver_win32\chromedriver.exe">
      <![CDATA[java.lang.IllegalStateException: The driver executable does not exist: C:\Users\praga\Downloads\chromedriver_win32\chromedriver.exe
	at com.google.common.base.Preconditions.checkState(Preconditions.java:585)
	at org.openqa.selenium.remote.service.DriverService.checkExecutable(DriverService.java:137)
	at org.openqa.selenium.remote.service.DriverService.findExecutable(DriverService.java:132)
	at org.openqa.selenium.chrome.ChromeDriverService.access$000(ChromeDriverService.java:35)
	at org.openqa.selenium.chrome.ChromeDriverService$Builder.findDefaultExecutable(ChromeDriverService.java:159)
	at org.openqa.selenium.remote.service.DriverService$Builder.build(DriverService.java:346)
	at org.openqa.selenium.chrome.ChromeDriverService.createDefaultService(ChromeDriverService.java:94)
	at org.openqa.selenium.chrome.ChromeDriver.<init>(ChromeDriver.java:123)
	at com.edu.qa.base.TestBase.initialization(TestBase.java:44)
	at com.edu.qa.testcases.AddCourseTest.setUp(AddCourseTest.java:34)
... Removed 31 stack frames]]>
    </failure>
  </testcase> <!-- @BeforeMethod setUp -->
  <testcase classname="com.edu.qa.testcases.ForgotPasswordTest" name="@BeforeMethod setUp" time="0.004">
    <failure type="java.lang.IllegalStateException" message="The driver executable does not exist: C:\Users\praga\Downloads\chromedriver_win32\chromedriver.exe">
      <![CDATA[java.lang.IllegalStateException: The driver executable does not exist: C:\Users\praga\Downloads\chromedriver_win32\chromedriver.exe
	at com.google.common.base.Preconditions.checkState(Preconditions.java:585)
	at org.openqa.selenium.remote.service.DriverService.checkExecutable(DriverService.java:137)
	at org.openqa.selenium.remote.service.DriverService.findExecutable(DriverService.java:132)
	at org.openqa.selenium.chrome.ChromeDriverService.access$000(ChromeDriverService.java:35)
	at org.openqa.selenium.chrome.ChromeDriverService$Builder.findDefaultExecutable(ChromeDriverService.java:159)
	at org.openqa.selenium.remote.service.DriverService$Builder.build(DriverService.java:346)
	at org.openqa.selenium.chrome.ChromeDriverService.createDefaultService(ChromeDriverService.java:94)
	at org.openqa.selenium.chrome.ChromeDriver.<init>(ChromeDriver.java:123)
	at com.edu.qa.base.TestBase.initialization(TestBase.java:44)
	at com.edu.qa.testcases.ForgotPasswordTest.setUp(ForgotPasswordTest.java:24)
... Removed 31 stack frames]]>
    </failure>
  </testcase> <!-- @BeforeMethod setUp -->
  <testcase classname="com.edu.qa.testcases.LoginPageTest" name="@BeforeMethod setUp" time="0.004">
    <failure type="java.lang.IllegalStateException" message="The driver executable does not exist: C:\Users\praga\Downloads\chromedriver_win32\chromedriver.exe">
      <![CDATA[java.lang.IllegalStateException: The driver executable does not exist: C:\Users\praga\Downloads\chromedriver_win32\chromedriver.exe
	at com.google.common.base.Preconditions.checkState(Preconditions.java:585)
	at org.openqa.selenium.remote.service.DriverService.checkExecutable(DriverService.java:137)
	at org.openqa.selenium.remote.service.DriverService.findExecutable(DriverService.java:132)
	at org.openqa.selenium.chrome.ChromeDriverService.access$000(ChromeDriverService.java:35)
	at org.openqa.selenium.chrome.ChromeDriverService$Builder.findDefaultExecutable(ChromeDriverService.java:159)
	at org.openqa.selenium.remote.service.DriverService$Builder.build(DriverService.java:346)
	at org.openqa.selenium.chrome.ChromeDriverService.createDefaultService(ChromeDriverService.java:94)
	at org.openqa.selenium.chrome.ChromeDriver.<init>(ChromeDriver.java:123)
	at com.edu.qa.base.TestBase.initialization(TestBase.java:44)
	at com.edu.qa.testcases.LoginPageTest.setUp(LoginPageTest.java:32)
... Removed 31 stack frames]]>
    </failure>
  </testcase> <!-- @BeforeMethod setUp -->
  <testcase classname="com.edu.qa.testcases.UserProfileTest" name="@BeforeMethod setUp" time="0.003">
    <failure type="java.lang.IllegalStateException" message="The driver executable does not exist: C:\Users\praga\Downloads\chromedriver_win32\chromedriver.exe">
      <![CDATA[java.lang.IllegalStateException: The driver executable does not exist: C:\Users\praga\Downloads\chromedriver_win32\chromedriver.exe
	at com.google.common.base.Preconditions.checkState(Preconditions.java:585)
	at org.openqa.selenium.remote.service.DriverService.checkExecutable(DriverService.java:137)
	at org.openqa.selenium.remote.service.DriverService.findExecutable(DriverService.java:132)
	at org.openqa.selenium.chrome.ChromeDriverService.access$000(ChromeDriverService.java:35)
	at org.openqa.selenium.chrome.ChromeDriverService$Builder.findDefaultExecutable(ChromeDriverService.java:159)
	at org.openqa.selenium.remote.service.DriverService$Builder.build(DriverService.java:346)
	at org.openqa.selenium.chrome.ChromeDriverService.createDefaultService(ChromeDriverService.java:94)
	at org.openqa.selenium.chrome.ChromeDriver.<init>(ChromeDriver.java:123)
	at com.edu.qa.base.TestBase.initialization(TestBase.java:44)
	at com.edu.qa.testcases.UserProfileTest.setUp(UserProfileTest.java:31)
... Removed 31 stack frames]]>
    </failure>
  </testcase> <!-- @BeforeMethod setUp -->
  <testcase classname="com.edu.qa.testcases.AddCourseTest" name="@BeforeMethod setUp" time="0.0">
    <skipped/>
  </testcase> <!-- @BeforeMethod setUp -->
  <testcase classname="com.edu.qa.testcases.AddCourseTest" name="@BeforeMethod setUp" time="0.0">
    <skipped/>
  </testcase> <!-- @BeforeMethod setUp -->
  <testcase classname="com.edu.qa.testcases.LoginPageTest" name="@BeforeMethod setUp" time="0.0">
    <skipped/>
  </testcase> <!-- @BeforeMethod setUp -->
  <testcase classname="com.edu.qa.testcases.UserProfileTest" name="@BeforeMethod setUp" time="0.0">
    <skipped/>
  </testcase> <!-- @BeforeMethod setUp -->
  <testcase classname="com.edu.qa.testcases.LoginPageTest" name="@BeforeMethod setUp" time="0.0">
    <skipped/>
  </testcase> <!-- @BeforeMethod setUp -->
  <testcase classname="com.edu.qa.testcases.LoginPageTest" name="@BeforeMethod setUp" time="0.0">
    <skipped/>
  </testcase> <!-- @BeforeMethod setUp -->
  <testcase classname="com.edu.qa.testcases.LoginPageTest" name="@BeforeMethod setUp" time="0.0">
    <skipped/>
  </testcase> <!-- @BeforeMethod setUp -->
  <testcase classname="com.edu.qa.testcases.LoginPageTest" name="@BeforeMethod setUp" time="0.0">
    <skipped/>
  </testcase> <!-- @BeforeMethod setUp -->
  <testcase classname="com.edu.qa.testcases.LoginPageTest" name="@BeforeMethod setUp" time="0.0">
    <skipped/>
  </testcase> <!-- @BeforeMethod setUp -->
  <testcase classname="com.edu.qa.testcases.LoginPageTest" name="@BeforeMethod setUp" time="0.0">
    <skipped/>
  </testcase> <!-- @BeforeMethod setUp -->
  <testcase classname="com.edu.qa.testcases.LoginPageTest" name="@BeforeMethod setUp" time="0.0">
    <skipped/>
  </testcase> <!-- @BeforeMethod setUp -->
  <testcase classname="com.edu.qa.testcases.AddCourseTest" name="VerifyCourseScreenLogo" time="0.0">
    <skipped/>
  </testcase> <!-- VerifyCourseScreenLogo -->
  <testcase classname="com.edu.qa.testcases.ForgotPasswordTest" name="ForgotPassword" time="0.0">
    <skipped/>
  </testcase> <!-- ForgotPassword -->
  <testcase classname="com.edu.qa.testcases.LoginPageTest" name="landingPageTitleTest" time="0.0">
    <skipped/>
  </testcase> <!-- landingPageTitleTest -->
  <testcase classname="com.edu.qa.testcases.UserProfileTest" name="VerifyUserProfileInformation" time="0.0">
    <skipped/>
  </testcase> <!-- VerifyUserProfileInformation -->
  <testcase classname="com.edu.qa.testcases.AddCourseTest" name="Addcourse" time="0.0">
    <skipped/>
  </testcase> <!-- Addcourse -->
  <testcase classname="com.edu.qa.testcases.AddCourseTest" name="VerifyAddtocourseScreenlogo" time="0.0">
    <skipped/>
  </testcase> <!-- VerifyAddtocourseScreenlogo -->
  <testcase classname="com.edu.qa.testcases.LoginPageTest" name="loginPageTitleTest" time="0.0">
    <skipped/>
  </testcase> <!-- loginPageTitleTest -->
  <testcase classname="com.edu.qa.testcases.UserProfileTest" name="EditUserProfileInformation" time="0.0">
    <skipped/>
  </testcase> <!-- EditUserProfileInformation -->
  <testcase classname="com.edu.qa.testcases.LoginPageTest" name="loginLogoImageTest" time="0.0">
    <skipped/>
  </testcase> <!-- loginLogoImageTest -->
  <testcase classname="com.edu.qa.testcases.LoginPageTest" name="loginTestInvalid" time="0.0">
    <skipped/>
  </testcase> <!-- loginTestInvalid -->
  <testcase classname="com.edu.qa.testcases.LoginPageTest" name="loginTestInvalid" time="0.0">
    <skipped/>
  </testcase> <!-- loginTestInvalid -->
  <testcase classname="com.edu.qa.testcases.LoginPageTest" name="PasswordviewIcon" time="0.0">
    <skipped/>
  </testcase> <!-- PasswordviewIcon -->
  <testcase classname="com.edu.qa.testcases.LoginPageTest" name="PasswordviewIcon" time="0.0">
    <skipped/>
  </testcase> <!-- PasswordviewIcon -->
  <testcase classname="com.edu.qa.testcases.LoginPageTest" name="loginTest" time="0.0">
    <skipped/>
  </testcase> <!-- loginTest -->
  <testcase classname="com.edu.qa.testcases.LoginPageTest" name="logoutTest" time="0.0">
    <skipped/>
  </testcase> <!-- logoutTest -->
</testsuite> <!-- Surefire test -->
