<!DOCTYPE html PUBLIC "-//W3C//DTD XHTML 1.1//EN" "http://www.w3.org/TR/xhtml11/DTD/xhtml11.dtd">
<html xmlns="http://www.w3.org/1999/xhtml"><head><title>TestNG Report</title><style type="text/css">table {margin-bottom:10px;border-collapse:collapse;empty-cells:show}th,td {border:1px solid #009;padding:.25em .5em}th {vertical-align:bottom}td {vertical-align:top}table a {font-weight:bold}.stripe td {background-color: #E6EBF9}.num {text-align:right}.passedodd td {background-color: #3F3}.passedeven td {background-color: #0A0}.skippedodd td {background-color: #DDD}.skippedeven td {background-color: #CCC}.failedodd td,.attn {background-color: #F33}.failedeven td,.stripe .attn {background-color: #D00}.stacktrace {white-space:pre;font-family:monospace}.totop {font-size:85%;text-align:center;border-bottom:2px solid #000}</style></head><body><table><tr><th>Test</th><th># Passed</th><th># Skipped</th><th># Failed</th><th>Time (ms)</th><th>Included Groups</th><th>Excluded Groups</th></tr><tr><th colspan="7">Educollab Application Test Automation Test Suite</th></tr><tr><td><a href="#t0">Educollab App Test Cases</a></td><td class="num">17</td><td class="num">0</td><td class="num attn">2</td><td class="num">330,711</td><td></td><td></td></tr></table><table id='summary'><thead><tr><th>Class</th><th>Method</th><th>Start</th><th>Time (ms)</th></tr></thead><tbody><tr><th colspan="4">Educollab Application Test Automation Test Suite</th></tr></tbody><tbody id="t0"><tr><th colspan="4">Educollab App Test Cases &#8212; failed</th></tr><tr class="failedeven"><td rowspan="1">com.edu.qa.testcases.AddCourseTest</td><td><a href="#m0">AddcourseSubmit</a></td><td rowspan="1">1635323841636</td><td rowspan="1">124082</td></tr><tr class="failedodd"><td rowspan="1">com.edu.qa.testcases.QuestionBankTest</td><td><a href="#m1">ValidateQuestionBank</a></td><td rowspan="1">1635323718717</td><td rowspan="1">925</td></tr><tr><th colspan="4">Educollab App Test Cases &#8212; passed</th></tr><tr class="passedeven"><td rowspan="5">com.edu.qa.testcases.AddCourseTest</td><td><a href="#m2">AddcourseSubmitwithoutLive</a></td><td rowspan="1">1635323979491</td><td rowspan="1">33359</td></tr><tr class="passedeven"><td><a href="#m3">AddcoursesaveAsDraft</a></td><td rowspan="1">1635323787144</td><td rowspan="1">32898</td></tr><tr class="passedeven"><td><a href="#m4">VerifyAddtocourseScreenlogo</a></td><td rowspan="1">1635323749757</td><td rowspan="1">837</td></tr><tr class="passedeven"><td><a href="#m5">VerifyCourseScreenLogo</a></td><td rowspan="1">1635323711428</td><td rowspan="1">452</td></tr><tr class="passedeven"><td><a href="#m6">Verifyselectcategory</a></td><td rowspan="1">1635323764229</td><td rowspan="1">958</td></tr><tr class="passedodd"><td rowspan="9">com.edu.qa.testcases.LoginPageTest</td><td><a href="#m7">PasswordviewIcon</a></td><td rowspan="2">1635323834299</td><td rowspan="2">256</td></tr><tr class="passedodd"><td><a href="#m8">PasswordviewIcon</a></td></tr><tr class="passedodd"><td><a href="#m9">landingPageTitleTest</a></td><td rowspan="1">1635323696951</td><td rowspan="1">11</td></tr><tr class="passedodd"><td><a href="#m10">loginLogoImageTest</a></td><td rowspan="1">1635323757233</td><td rowspan="1">102</td></tr><tr class="passedodd"><td><a href="#m11">loginPageTitleTest</a></td><td rowspan="1">1635323733969</td><td rowspan="1">71</td></tr><tr class="passedodd"><td><a href="#m12">loginTest</a></td><td rowspan="1">1635323972331</td><td rowspan="1">242</td></tr><tr class="passedodd"><td><a href="#m13">loginTestInvalid</a></td><td rowspan="2">1635323771764</td><td rowspan="2">855</td></tr><tr class="passedodd"><td><a href="#m14">loginTestInvalid</a></td></tr><tr class="passedodd"><td><a href="#m15">logoutTest</a></td><td rowspan="1">1635324020237</td><td rowspan="1">421</td></tr><tr class="passedeven"><td rowspan="1">com.edu.qa.testcases.QuestionBankTest</td><td><a href="#m16">ValidateQuestionBanklevel</a></td><td rowspan="1">1635323726315</td><td rowspan="1">527</td></tr><tr class="passedodd"><td rowspan="2">com.edu.qa.testcases.UserProfileTest</td><td><a href="#m17">EditUserProfileInformation</a></td><td rowspan="1">1635323741106</td><td rowspan="1">1745</td></tr><tr class="passedodd"><td><a href="#m18">VerifyUserProfileInformation</a></td><td rowspan="1">1635323704188</td><td rowspan="1">836</td></tr></tbody></table><h2>Educollab App Test Cases</h2><h3 id="m0">com.edu.qa.testcases.AddCourseTest#AddcourseSubmit</h3><table class="result"><tr class="param"><th>Parameter #1</th><th>Parameter #2</th></tr><tr class="param stripe"><td>pratibha.2@gmail.com</td><td>abcdefG1</td></tr><tr><th colspan="2">Exception</th></tr><tr><td colspan="2"><div class="stacktrace">org.openqa.selenium.TimeoutException: Expected condition failed: waiting for visibility of Proxy element for: DefaultElementLocator &apos;By.xpath: //input[@class=&apos;form-control ng-valid ng-touched ng-dirty&apos;]&apos; (tried for 90 second(s) with 500 milliseconds interval)
	at org.openqa.selenium.support.ui.WebDriverWait.timeoutException(WebDriverWait.java:113)
	at org.openqa.selenium.support.ui.FluentWait.until(FluentWait.java:283)
	at com.edu.qa.util.TestUtil.waiting(TestUtil.java:124)
	at com.edu.qa.pages.AddCoursePage.selectLive(AddCoursePage.java:176)
	at com.edu.qa.testcases.AddCourseTest.AddcourseSubmit(AddCourseTest.java:143)
Caused by: org.openqa.selenium.NoSuchElementException: no such element: Unable to locate element: {&quot;method&quot;:&quot;xpath&quot;,&quot;selector&quot;:&quot;//input[@class=&apos;form-control ng-valid ng-touched ng-dirty&apos;]&quot;}
  (Session info: chrome=93.0.4577.63)
For documentation on this error, please visit: http://seleniumhq.org/exceptions/no_such_element.html
Build info: version: &apos;3.14.0&apos;, revision: &apos;aacccce0&apos;, time: &apos;2018-08-02T20:19:58.91Z&apos;
System info: host: &apos;LAPTOP-QF45DOT0&apos;, ip: &apos;192.168.100.10&apos;, os.name: &apos;Windows 10&apos;, os.arch: &apos;amd64&apos;, os.version: &apos;10.0&apos;, java.version: &apos;16.0.2&apos;
Driver info: org.openqa.selenium.chrome.ChromeDriver
Capabilities {acceptInsecureCerts: false, browserName: chrome, browserVersion: 93.0.4577.63, chrome: {chromedriverVersion: 93.0.4577.63 (ff5c0da2ec0ad..., userDataDir: C:\Users\hp\AppData\Local\T...}, goog:chromeOptions: {debuggerAddress: localhost:53702}, javascriptEnabled: true, networkConnectionEnabled: false, pageLoadStrategy: normal, platform: WINDOWS, platformName: WINDOWS, proxy: Proxy(), setWindowRect: true, strictFileInteractability: false, timeouts: {implicit: 0, pageLoad: 300000, script: 30000}, unhandledPromptBehavior: dismiss and notify, webauthn:extension:credBlob: true, webauthn:extension:largeBlob: true, webauthn:virtualAuthenticators: true}
Session ID: 69e5922fbd5bf838594805d49e86eb2e
*** Element info: {Using=xpath, value=//input[@class=&apos;form-control ng-valid ng-touched ng-dirty&apos;]}
	at org.openqa.selenium.remote.http.W3CHttpResponseCodec.createException(W3CHttpResponseCodec.java:187)
	at org.openqa.selenium.remote.http.W3CHttpResponseCodec.decode(W3CHttpResponseCodec.java:122)
	at org.openqa.selenium.remote.http.W3CHttpResponseCodec.decode(W3CHttpResponseCodec.java:49)
	at org.openqa.selenium.remote.HttpCommandExecutor.execute(HttpCommandExecutor.java:158)
	at org.openqa.selenium.remote.service.DriverCommandExecutor.execute(DriverCommandExecutor.java:83)
	at org.openqa.selenium.remote.RemoteWebDriver.execute(RemoteWebDriver.java:548)
	at org.openqa.selenium.remote.RemoteWebDriver.findElement(RemoteWebDriver.java:322)
	at org.openqa.selenium.remote.RemoteWebDriver.findElementByXPath(RemoteWebDriver.java:424)
	at org.openqa.selenium.By$ByXPath.findElement(By.java:353)
	at org.openqa.selenium.remote.RemoteWebDriver.findElement(RemoteWebDriver.java:314)
	at org.openqa.selenium.support.events.EventFiringWebDriver.lambda$new$1(EventFiringWebDriver.java:105)
	at jdk.proxy2/jdk.proxy2.$Proxy11.findElement(Unknown Source)
	at org.openqa.selenium.support.events.EventFiringWebDriver.findElement(EventFiringWebDriver.java:194)
	at org.openqa.selenium.support.pagefactory.DefaultElementLocator.findElement(DefaultElementLocator.java:69)
	at org.openqa.selenium.support.pagefactory.internal.LocatingElementHandler.invoke(LocatingElementHandler.java:38)
	at jdk.proxy2/jdk.proxy2.$Proxy15.isDisplayed(Unknown Source)
	at org.openqa.selenium.support.ui.ExpectedConditions.elementIfVisible(ExpectedConditions.java:315)
	at org.openqa.selenium.support.ui.ExpectedConditions.access$100(ExpectedConditions.java:44)
	at org.openqa.selenium.support.ui.ExpectedConditions$10.apply(ExpectedConditions.java:301)
	at org.openqa.selenium.support.ui.ExpectedConditions$10.apply(ExpectedConditions.java:298)
	at org.openqa.selenium.support.ui.FluentWait.until(FluentWait.java:260)
	... 28 more
... Removed 33 stack frames</div></td></tr></table><p class="totop"><a href="#summary">back to summary</a></p><h3 id="m1">com.edu.qa.testcases.QuestionBankTest#ValidateQuestionBank</h3><table class="result"><tr class="param"><th>Parameter #1</th><th>Parameter #2</th></tr><tr class="param stripe"><td>pratibha.2@gmail.com</td><td>abcdefG1</td></tr><tr><th colspan="2">Exception</th></tr><tr><td colspan="2"><div class="stacktrace">org.openqa.selenium.StaleElementReferenceException: stale element reference: element is not attached to the page document
  (Session info: chrome=93.0.4577.63)
For documentation on this error, please visit: http://seleniumhq.org/exceptions/stale_element_reference.html
Build info: version: &apos;3.14.0&apos;, revision: &apos;aacccce0&apos;, time: &apos;2018-08-02T20:19:58.91Z&apos;
System info: host: &apos;LAPTOP-QF45DOT0&apos;, ip: &apos;192.168.100.10&apos;, os.name: &apos;Windows 10&apos;, os.arch: &apos;amd64&apos;, os.version: &apos;10.0&apos;, java.version: &apos;16.0.2&apos;
Driver info: org.openqa.selenium.chrome.ChromeDriver
Capabilities {acceptInsecureCerts: false, browserName: chrome, browserVersion: 93.0.4577.63, chrome: {chromedriverVersion: 93.0.4577.63 (ff5c0da2ec0ad..., userDataDir: C:\Users\hp\AppData\Local\T...}, goog:chromeOptions: {debuggerAddress: localhost:65133}, javascriptEnabled: true, networkConnectionEnabled: false, pageLoadStrategy: normal, platform: WINDOWS, platformName: WINDOWS, proxy: Proxy(), setWindowRect: true, strictFileInteractability: false, timeouts: {implicit: 0, pageLoad: 300000, script: 30000}, unhandledPromptBehavior: dismiss and notify, webauthn:extension:credBlob: true, webauthn:extension:largeBlob: true, webauthn:virtualAuthenticators: true}
Session ID: 31d751d10e830379d9487871b79cf06b
	at org.openqa.selenium.remote.http.W3CHttpResponseCodec.createException(W3CHttpResponseCodec.java:187)
	at org.openqa.selenium.remote.http.W3CHttpResponseCodec.decode(W3CHttpResponseCodec.java:122)
	at org.openqa.selenium.remote.http.W3CHttpResponseCodec.decode(W3CHttpResponseCodec.java:49)
	at org.openqa.selenium.remote.HttpCommandExecutor.execute(HttpCommandExecutor.java:158)
	at org.openqa.selenium.remote.service.DriverCommandExecutor.execute(DriverCommandExecutor.java:83)
	at org.openqa.selenium.remote.RemoteWebDriver.execute(RemoteWebDriver.java:548)
	at org.openqa.selenium.remote.RemoteWebElement.execute(RemoteWebElement.java:276)
	at org.openqa.selenium.remote.RemoteWebElement.getText(RemoteWebElement.java:160)
	at org.openqa.selenium.support.events.EventFiringWebDriver$EventFiringWebElement.lambda$new$0(EventFiringWebDriver.java:403)
	at jdk.proxy2/jdk.proxy2.$Proxy16.getText(Unknown Source)
	at org.openqa.selenium.support.events.EventFiringWebDriver$EventFiringWebElement.getText(EventFiringWebDriver.java:462)
	at com.edu.qa.pages.QuestionBankPage.Questionlist(QuestionBankPage.java:65)
	at com.edu.qa.pages.QuestionBankPage.InputQuestion(QuestionBankPage.java:56)
	at com.edu.qa.testcases.QuestionBankTest.ValidateQuestionBank(QuestionBankTest.java:76)
... Removed 34 stack frames</div></td></tr></table><p class="totop"><a href="#summary">back to summary</a></p><h3 id="m2">com.edu.qa.testcases.AddCourseTest#AddcourseSubmitwithoutLive</h3><table class="result"><tr class="param"><th>Parameter #1</th><th>Parameter #2</th></tr><tr class="param stripe"><td>pratibha.2@gmail.com</td><td>abcdefG1</td></tr></table><p class="totop"><a href="#summary">back to summary</a></p><h3 id="m3">com.edu.qa.testcases.AddCourseTest#AddcoursesaveAsDraft</h3><table class="result"><tr class="param"><th>Parameter #1</th><th>Parameter #2</th></tr><tr class="param stripe"><td>pratibha.2@gmail.com</td><td>abcdefG1</td></tr></table><p class="totop"><a href="#summary">back to summary</a></p><h3 id="m4">com.edu.qa.testcases.AddCourseTest#VerifyAddtocourseScreenlogo</h3><table class="result"><tr class="param"><th>Parameter #1</th><th>Parameter #2</th></tr><tr class="param stripe"><td>pratibha.2@gmail.com</td><td>abcdefG1</td></tr></table><p class="totop"><a href="#summary">back to summary</a></p><h3 id="m5">com.edu.qa.testcases.AddCourseTest#VerifyCourseScreenLogo</h3><table class="result"><tr class="param"><th>Parameter #1</th><th>Parameter #2</th></tr><tr class="param stripe"><td>pratibha.2@gmail.com</td><td>abcdefG1</td></tr></table><p class="totop"><a href="#summary">back to summary</a></p><h3 id="m6">com.edu.qa.testcases.AddCourseTest#Verifyselectcategory</h3><table class="result"><tr class="param"><th>Parameter #1</th><th>Parameter #2</th></tr><tr class="param stripe"><td>pratibha.2@gmail.com</td><td>abcdefG1</td></tr></table><p class="totop"><a href="#summary">back to summary</a></p><h3 id="m7">com.edu.qa.testcases.LoginPageTest#PasswordviewIcon</h3><table class="result"><tr class="param"><th>Parameter #1</th><th>Parameter #2</th></tr><tr class="param stripe"><td>pratibhaaa@gmail.com</td><td>ab</td></tr></table><p class="totop"><a href="#summary">back to summary</a></p><h3 id="m8">com.edu.qa.testcases.LoginPageTest#PasswordviewIcon</h3><table class="result"><tr class="param"><th>Parameter #1</th><th>Parameter #2</th></tr><tr class="param stripe"><td>pratibhaaa.2@gmail.com</td><td>ab</td></tr></table><p class="totop"><a href="#summary">back to summary</a></p><h3 id="m9">com.edu.qa.testcases.LoginPageTest#landingPageTitleTest</h3><table class="result"></table><p class="totop"><a href="#summary">back to summary</a></p><h3 id="m10">com.edu.qa.testcases.LoginPageTest#loginLogoImageTest</h3><table class="result"></table><p class="totop"><a href="#summary">back to summary</a></p><h3 id="m11">com.edu.qa.testcases.LoginPageTest#loginPageTitleTest</h3><table class="result"></table><p class="totop"><a href="#summary">back to summary</a></p><h3 id="m12">com.edu.qa.testcases.LoginPageTest#loginTest</h3><table class="result"><tr class="param"><th>Parameter #1</th><th>Parameter #2</th></tr><tr class="param stripe"><td>pratibha.2@gmail.com</td><td>abcdefG1</td></tr></table><p class="totop"><a href="#summary">back to summary</a></p><h3 id="m13">com.edu.qa.testcases.LoginPageTest#loginTestInvalid</h3><table class="result"><tr class="param"><th>Parameter #1</th><th>Parameter #2</th></tr><tr class="param stripe"><td>pratibhaaa.2@gmail.com</td><td>ab</td></tr></table><p class="totop"><a href="#summary">back to summary</a></p><h3 id="m14">com.edu.qa.testcases.LoginPageTest#loginTestInvalid</h3><table class="result"><tr class="param"><th>Parameter #1</th><th>Parameter #2</th></tr><tr class="param stripe"><td>pratibhaaa@gmail.com</td><td>ab</td></tr></table><p class="totop"><a href="#summary">back to summary</a></p><h3 id="m15">com.edu.qa.testcases.LoginPageTest#logoutTest</h3><table class="result"><tr class="param"><th>Parameter #1</th><th>Parameter #2</th></tr><tr class="param stripe"><td>pratibha.2@gmail.com</td><td>abcdefG1</td></tr></table><p class="totop"><a href="#summary">back to summary</a></p><h3 id="m16">com.edu.qa.testcases.QuestionBankTest#ValidateQuestionBanklevel</h3><table class="result"><tr class="param"><th>Parameter #1</th><th>Parameter #2</th></tr><tr class="param stripe"><td>pratibha.2@gmail.com</td><td>abcdefG1</td></tr></table><p class="totop"><a href="#summary">back to summary</a></p><h3 id="m17">com.edu.qa.testcases.UserProfileTest#EditUserProfileInformation</h3><table class="result"><tr class="param"><th>Parameter #1</th><th>Parameter #2</th></tr><tr class="param stripe"><td>pratibha.2@gmail.com</td><td>abcdefG1</td></tr></table><p class="totop"><a href="#summary">back to summary</a></p><h3 id="m18">com.edu.qa.testcases.UserProfileTest#VerifyUserProfileInformation</h3><table class="result"><tr class="param"><th>Parameter #1</th><th>Parameter #2</th></tr><tr class="param stripe"><td>pratibha.2@gmail.com</td><td>abcdefG1</td></tr></table><p class="totop"><a href="#summary">back to summary</a></p></body></html>