<?xml version="1.0" encoding="UTF-8"?>
<testng-results ignored="0" total="19" passed="17" failed="2" skipped="0">
  <reporter-output>
  </reporter-output>
  <suite started-at="2021-10-27T08:34:50Z" name="Educollab Application Test Automation Test Suite" finished-at="2021-10-27T08:40:20Z" duration-ms="330711">
    <groups>
    </groups>
    <test started-at="2021-10-27T08:34:50Z" name="Educollab App Test Cases" finished-at="2021-10-27T08:40:20Z" duration-ms="330711">
      <class name="com.edu.qa.testcases.LoginPageTest">
        <test-method is-config="true" signature="setUp()[pri:0, instance:com.edu.qa.testcases.LoginPageTest@2a266d09]" started-at="2021-10-27T14:04:50Z" name="setUp" finished-at="2021-10-27T14:04:56Z" duration-ms="6862" status="PASS">
          <reporter-output>
          </reporter-output>
        </test-method> <!-- setUp -->
        <test-method signature="landingPageTitleTest()[pri:1, instance:com.edu.qa.testcases.LoginPageTest@2a266d09]" started-at="2021-10-27T14:04:56Z" name="landingPageTitleTest" finished-at="2021-10-27T14:04:56Z" duration-ms="11" status="PASS">
          <reporter-output>
          </reporter-output>
        </test-method> <!-- landingPageTitleTest -->
        <test-method is-config="true" signature="tearDown()[pri:0, instance:com.edu.qa.testcases.LoginPageTest@2a266d09]" started-at="2021-10-27T14:04:56Z" name="tearDown" finished-at="2021-10-27T14:04:57Z" duration-ms="136" status="PASS">
          <reporter-output>
          </reporter-output>
        </test-method> <!-- tearDown -->
        <test-method is-config="true" signature="setUp()[pri:0, instance:com.edu.qa.testcases.LoginPageTest@2a266d09]" started-at="2021-10-27T14:05:26Z" name="setUp" finished-at="2021-10-27T14:05:33Z" duration-ms="6998" status="PASS">
          <reporter-output>
          </reporter-output>
        </test-method> <!-- setUp -->
        <test-method signature="loginPageTitleTest()[pri:2, instance:com.edu.qa.testcases.LoginPageTest@2a266d09]" started-at="2021-10-27T14:05:33Z" name="loginPageTitleTest" finished-at="2021-10-27T14:05:34Z" duration-ms="71" status="PASS">
          <reporter-output>
          </reporter-output>
        </test-method> <!-- loginPageTitleTest -->
        <test-method is-config="true" signature="tearDown()[pri:0, instance:com.edu.qa.testcases.LoginPageTest@2a266d09]" started-at="2021-10-27T14:05:34Z" name="tearDown" finished-at="2021-10-27T14:05:34Z" duration-ms="121" status="PASS">
          <reporter-output>
          </reporter-output>
        </test-method> <!-- tearDown -->
        <test-method is-config="true" signature="setUp()[pri:0, instance:com.edu.qa.testcases.LoginPageTest@2a266d09]" started-at="2021-10-27T14:05:50Z" name="setUp" finished-at="2021-10-27T14:05:57Z" duration-ms="6506" status="PASS">
          <reporter-output>
          </reporter-output>
        </test-method> <!-- setUp -->
        <test-method signature="loginLogoImageTest()[pri:3, instance:com.edu.qa.testcases.LoginPageTest@2a266d09]" started-at="2021-10-27T14:05:57Z" name="loginLogoImageTest" finished-at="2021-10-27T14:05:57Z" duration-ms="102" status="PASS">
          <reporter-output>
          </reporter-output>
        </test-method> <!-- loginLogoImageTest -->
        <test-method is-config="true" signature="tearDown()[pri:0, instance:com.edu.qa.testcases.LoginPageTest@2a266d09]" started-at="2021-10-27T14:05:57Z" name="tearDown" finished-at="2021-10-27T14:05:57Z" duration-ms="136" status="PASS">
          <reporter-output>
          </reporter-output>
        </test-method> <!-- tearDown -->
        <test-method is-config="true" signature="setUp()[pri:0, instance:com.edu.qa.testcases.LoginPageTest@2a266d09]" started-at="2021-10-27T14:06:05Z" name="setUp" finished-at="2021-10-27T14:06:11Z" duration-ms="6429" status="PASS">
          <reporter-output>
          </reporter-output>
        </test-method> <!-- setUp -->
        <test-method signature="loginTestInvalid(java.lang.String, java.lang.String)[pri:4, instance:com.edu.qa.testcases.LoginPageTest@2a266d09]" started-at="2021-10-27T14:06:11Z" name="loginTestInvalid" data-provider="geteducollabTestDatainvalid" finished-at="2021-10-27T14:06:12Z" duration-ms="855" status="PASS">
          <params>
            <param index="0">
              <value>
                <![CDATA[pratibhaaa.2@gmail.com]]>
              </value>
            </param>
            <param index="1">
              <value>
                <![CDATA[ab]]>
              </value>
            </param>
          </params>
          <reporter-output>
          </reporter-output>
        </test-method> <!-- loginTestInvalid -->
        <test-method is-config="true" signature="tearDown()[pri:0, instance:com.edu.qa.testcases.LoginPageTest@2a266d09]" started-at="2021-10-27T14:06:12Z" name="tearDown" finished-at="2021-10-27T14:06:12Z" duration-ms="120" status="PASS">
          <reporter-output>
          </reporter-output>
        </test-method> <!-- tearDown -->
        <test-method is-config="true" signature="setUp()[pri:0, instance:com.edu.qa.testcases.LoginPageTest@2a266d09]" started-at="2021-10-27T14:06:12Z" name="setUp" finished-at="2021-10-27T14:06:19Z" duration-ms="6798" status="PASS">
          <reporter-output>
          </reporter-output>
        </test-method> <!-- setUp -->
        <test-method signature="loginTestInvalid(java.lang.String, java.lang.String)[pri:4, instance:com.edu.qa.testcases.LoginPageTest@2a266d09]" started-at="2021-10-27T14:06:19Z" name="loginTestInvalid" data-provider="geteducollabTestDatainvalid" finished-at="2021-10-27T14:06:20Z" duration-ms="839" status="PASS">
          <params>
            <param index="0">
              <value>
                <![CDATA[pratibhaaa@gmail.com]]>
              </value>
            </param>
            <param index="1">
              <value>
                <![CDATA[ab]]>
              </value>
            </param>
          </params>
          <reporter-output>
          </reporter-output>
        </test-method> <!-- loginTestInvalid -->
        <test-method is-config="true" signature="tearDown()[pri:0, instance:com.edu.qa.testcases.LoginPageTest@2a266d09]" started-at="2021-10-27T14:06:20Z" name="tearDown" finished-at="2021-10-27T14:06:20Z" duration-ms="141" status="PASS">
          <reporter-output>
          </reporter-output>
        </test-method> <!-- tearDown -->
        <test-method is-config="true" signature="setUp()[pri:0, instance:com.edu.qa.testcases.LoginPageTest@2a266d09]" started-at="2021-10-27T14:07:00Z" name="setUp" finished-at="2021-10-27T14:07:06Z" duration-ms="6488" status="PASS">
          <reporter-output>
          </reporter-output>
        </test-method> <!-- setUp -->
        <test-method signature="PasswordviewIcon(java.lang.String, java.lang.String)[pri:5, instance:com.edu.qa.testcases.LoginPageTest@2a266d09]" started-at="2021-10-27T14:07:06Z" name="PasswordviewIcon" data-provider="geteducollabTestDatainvalid" finished-at="2021-10-27T14:07:07Z" duration-ms="304" status="PASS">
          <params>
            <param index="0">
              <value>
                <![CDATA[pratibhaaa.2@gmail.com]]>
              </value>
            </param>
            <param index="1">
              <value>
                <![CDATA[ab]]>
              </value>
            </param>
          </params>
          <reporter-output>
          </reporter-output>
        </test-method> <!-- PasswordviewIcon -->
        <test-method is-config="true" signature="tearDown()[pri:0, instance:com.edu.qa.testcases.LoginPageTest@2a266d09]" started-at="2021-10-27T14:07:07Z" name="tearDown" finished-at="2021-10-27T14:07:07Z" duration-ms="124" status="PASS">
          <reporter-output>
          </reporter-output>
        </test-method> <!-- tearDown -->
        <test-method is-config="true" signature="setUp()[pri:0, instance:com.edu.qa.testcases.LoginPageTest@2a266d09]" started-at="2021-10-27T14:07:07Z" name="setUp" finished-at="2021-10-27T14:07:14Z" duration-ms="7161" status="PASS">
          <reporter-output>
          </reporter-output>
        </test-method> <!-- setUp -->
        <test-method signature="PasswordviewIcon(java.lang.String, java.lang.String)[pri:5, instance:com.edu.qa.testcases.LoginPageTest@2a266d09]" started-at="2021-10-27T14:07:14Z" name="PasswordviewIcon" data-provider="geteducollabTestDatainvalid" finished-at="2021-10-27T14:07:14Z" duration-ms="256" status="PASS">
          <params>
            <param index="0">
              <value>
                <![CDATA[pratibhaaa@gmail.com]]>
              </value>
            </param>
            <param index="1">
              <value>
                <![CDATA[ab]]>
              </value>
            </param>
          </params>
          <reporter-output>
          </reporter-output>
        </test-method> <!-- PasswordviewIcon -->
        <test-method is-config="true" signature="tearDown()[pri:0, instance:com.edu.qa.testcases.LoginPageTest@2a266d09]" started-at="2021-10-27T14:07:14Z" name="tearDown" finished-at="2021-10-27T14:07:14Z" duration-ms="134" status="PASS">
          <reporter-output>
          </reporter-output>
        </test-method> <!-- tearDown -->
        <test-method is-config="true" signature="setUp()[pri:0, instance:com.edu.qa.testcases.LoginPageTest@2a266d09]" started-at="2021-10-27T14:09:25Z" name="setUp" finished-at="2021-10-27T14:09:32Z" duration-ms="6445" status="PASS">
          <reporter-output>
          </reporter-output>
        </test-method> <!-- setUp -->
        <test-method signature="loginTest(java.lang.String, java.lang.String)[pri:6, instance:com.edu.qa.testcases.LoginPageTest@2a266d09]" started-at="2021-10-27T14:09:32Z" name="loginTest" data-provider="geteducollabTestData" finished-at="2021-10-27T14:09:32Z" duration-ms="242" status="PASS">
          <params>
            <param index="0">
              <value>
                <![CDATA[pratibha.2@gmail.com]]>
              </value>
            </param>
            <param index="1">
              <value>
                <![CDATA[abcdefG1]]>
              </value>
            </param>
          </params>
          <reporter-output>
          </reporter-output>
        </test-method> <!-- loginTest -->
        <test-method is-config="true" signature="tearDown()[pri:0, instance:com.edu.qa.testcases.LoginPageTest@2a266d09]" started-at="2021-10-27T14:09:32Z" name="tearDown" finished-at="2021-10-27T14:09:32Z" duration-ms="134" status="PASS">
          <reporter-output>
          </reporter-output>
        </test-method> <!-- tearDown -->
        <test-method is-config="true" signature="setUp()[pri:0, instance:com.edu.qa.testcases.LoginPageTest@2a266d09]" started-at="2021-10-27T14:10:13Z" name="setUp" finished-at="2021-10-27T14:10:20Z" duration-ms="7195" status="PASS">
          <reporter-output>
          </reporter-output>
        </test-method> <!-- setUp -->
        <test-method signature="logoutTest(java.lang.String, java.lang.String)[pri:7, instance:com.edu.qa.testcases.LoginPageTest@2a266d09]" started-at="2021-10-27T14:10:20Z" name="logoutTest" data-provider="geteducollabTestData" finished-at="2021-10-27T14:10:20Z" duration-ms="421" status="PASS">
          <params>
            <param index="0">
              <value>
                <![CDATA[pratibha.2@gmail.com]]>
              </value>
            </param>
            <param index="1">
              <value>
                <![CDATA[abcdefG1]]>
              </value>
            </param>
          </params>
          <reporter-output>
          </reporter-output>
        </test-method> <!-- logoutTest -->
        <test-method is-config="true" signature="tearDown()[pri:0, instance:com.edu.qa.testcases.LoginPageTest@2a266d09]" started-at="2021-10-27T14:10:20Z" name="tearDown" finished-at="2021-10-27T14:10:20Z" duration-ms="127" status="PASS">
          <reporter-output>
          </reporter-output>
        </test-method> <!-- tearDown -->
      </class> <!-- com.edu.qa.testcases.LoginPageTest -->
      <class name="com.edu.qa.testcases.UserProfileTest">
        <test-method is-config="true" signature="setUp()[pri:0, instance:com.edu.qa.testcases.UserProfileTest@5ab9e72c]" started-at="2021-10-27T14:04:57Z" name="setUp" finished-at="2021-10-27T14:05:04Z" duration-ms="6506" status="PASS">
          <reporter-output>
          </reporter-output>
        </test-method> <!-- setUp -->
        <test-method signature="VerifyUserProfileInformation(java.lang.String, java.lang.String)[pri:1, instance:com.edu.qa.testcases.UserProfileTest@5ab9e72c]" started-at="2021-10-27T14:05:04Z" name="VerifyUserProfileInformation" data-provider="geteducollabTestData" finished-at="2021-10-27T14:05:05Z" duration-ms="836" status="PASS">
          <params>
            <param index="0">
              <value>
                <![CDATA[pratibha.2@gmail.com]]>
              </value>
            </param>
            <param index="1">
              <value>
                <![CDATA[abcdefG1]]>
              </value>
            </param>
          </params>
          <reporter-output>
          </reporter-output>
        </test-method> <!-- VerifyUserProfileInformation -->
        <test-method is-config="true" signature="tearDown()[pri:0, instance:com.edu.qa.testcases.UserProfileTest@5ab9e72c]" started-at="2021-10-27T14:05:05Z" name="tearDown" finished-at="2021-10-27T14:05:05Z" duration-ms="140" status="PASS">
          <reporter-output>
          </reporter-output>
        </test-method> <!-- tearDown -->
        <test-method is-config="true" signature="setUp()[pri:0, instance:com.edu.qa.testcases.UserProfileTest@5ab9e72c]" started-at="2021-10-27T14:05:34Z" name="setUp" finished-at="2021-10-27T14:05:41Z" duration-ms="6929" status="PASS">
          <reporter-output>
          </reporter-output>
        </test-method> <!-- setUp -->
        <test-method signature="EditUserProfileInformation(java.lang.String, java.lang.String)[pri:2, instance:com.edu.qa.testcases.UserProfileTest@5ab9e72c]" started-at="2021-10-27T14:05:41Z" name="EditUserProfileInformation" data-provider="geteducollabTestData" finished-at="2021-10-27T14:05:42Z" duration-ms="1745" status="PASS">
          <params>
            <param index="0">
              <value>
                <![CDATA[pratibha.2@gmail.com]]>
              </value>
            </param>
            <param index="1">
              <value>
                <![CDATA[abcdefG1]]>
              </value>
            </param>
          </params>
          <reporter-output>
          </reporter-output>
        </test-method> <!-- EditUserProfileInformation -->
        <test-method is-config="true" signature="tearDown()[pri:0, instance:com.edu.qa.testcases.UserProfileTest@5ab9e72c]" started-at="2021-10-27T14:05:42Z" name="tearDown" finished-at="2021-10-27T14:05:42Z" duration-ms="137" status="PASS">
          <reporter-output>
          </reporter-output>
        </test-method> <!-- tearDown -->
      </class> <!-- com.edu.qa.testcases.UserProfileTest -->
      <class name="com.edu.qa.testcases.AddCourseTest">
        <test-method is-config="true" signature="setUp()[pri:0, instance:com.edu.qa.testcases.AddCourseTest@186f8716]" started-at="2021-10-27T14:05:05Z" name="setUp" finished-at="2021-10-27T14:05:11Z" duration-ms="6239" status="PASS">
          <reporter-output>
          </reporter-output>
        </test-method> <!-- setUp -->
        <test-method signature="VerifyCourseScreenLogo(java.lang.String, java.lang.String)[pri:1, instance:com.edu.qa.testcases.AddCourseTest@186f8716]" started-at="2021-10-27T14:05:11Z" name="VerifyCourseScreenLogo" data-provider="geteducollabTestData" finished-at="2021-10-27T14:05:11Z" duration-ms="452" status="PASS">
          <params>
            <param index="0">
              <value>
                <![CDATA[pratibha.2@gmail.com]]>
              </value>
            </param>
            <param index="1">
              <value>
                <![CDATA[abcdefG1]]>
              </value>
            </param>
          </params>
          <reporter-output>
          </reporter-output>
        </test-method> <!-- VerifyCourseScreenLogo -->
        <test-method is-config="true" signature="tearDown()[pri:0, instance:com.edu.qa.testcases.AddCourseTest@186f8716]" started-at="2021-10-27T14:05:11Z" name="tearDown" finished-at="2021-10-27T14:05:12Z" duration-ms="126" status="PASS">
          <reporter-output>
          </reporter-output>
        </test-method> <!-- tearDown -->
        <test-method is-config="true" signature="setUp()[pri:0, instance:com.edu.qa.testcases.AddCourseTest@186f8716]" started-at="2021-10-27T14:05:43Z" name="setUp" finished-at="2021-10-27T14:05:49Z" duration-ms="6748" status="PASS">
          <reporter-output>
          </reporter-output>
        </test-method> <!-- setUp -->
        <test-method signature="VerifyAddtocourseScreenlogo(java.lang.String, java.lang.String)[pri:2, instance:com.edu.qa.testcases.AddCourseTest@186f8716]" started-at="2021-10-27T14:05:49Z" name="VerifyAddtocourseScreenlogo" data-provider="geteducollabTestData" finished-at="2021-10-27T14:05:50Z" duration-ms="837" status="PASS">
          <params>
            <param index="0">
              <value>
                <![CDATA[pratibha.2@gmail.com]]>
              </value>
            </param>
            <param index="1">
              <value>
                <![CDATA[abcdefG1]]>
              </value>
            </param>
          </params>
          <reporter-output>
          </reporter-output>
        </test-method> <!-- VerifyAddtocourseScreenlogo -->
        <test-method is-config="true" signature="tearDown()[pri:0, instance:com.edu.qa.testcases.AddCourseTest@186f8716]" started-at="2021-10-27T14:05:50Z" name="tearDown" finished-at="2021-10-27T14:05:50Z" duration-ms="131" status="PASS">
          <reporter-output>
          </reporter-output>
        </test-method> <!-- tearDown -->
        <test-method is-config="true" signature="setUp()[pri:0, instance:com.edu.qa.testcases.AddCourseTest@186f8716]" started-at="2021-10-27T14:05:57Z" name="setUp" finished-at="2021-10-27T14:06:04Z" duration-ms="6738" status="PASS">
          <reporter-output>
          </reporter-output>
        </test-method> <!-- setUp -->
        <test-method signature="Verifyselectcategory(java.lang.String, java.lang.String)[pri:3, instance:com.edu.qa.testcases.AddCourseTest@186f8716]" started-at="2021-10-27T14:06:04Z" name="Verifyselectcategory" data-provider="geteducollabTestData" finished-at="2021-10-27T14:06:05Z" duration-ms="958" status="PASS">
          <params>
            <param index="0">
              <value>
                <![CDATA[pratibha.2@gmail.com]]>
              </value>
            </param>
            <param index="1">
              <value>
                <![CDATA[abcdefG1]]>
              </value>
            </param>
          </params>
          <reporter-output>
          </reporter-output>
        </test-method> <!-- Verifyselectcategory -->
        <test-method is-config="true" signature="tearDown()[pri:0, instance:com.edu.qa.testcases.AddCourseTest@186f8716]" started-at="2021-10-27T14:06:05Z" name="tearDown" finished-at="2021-10-27T14:06:05Z" duration-ms="132" status="PASS">
          <reporter-output>
          </reporter-output>
        </test-method> <!-- tearDown -->
        <test-method is-config="true" signature="setUp()[pri:0, instance:com.edu.qa.testcases.AddCourseTest@186f8716]" started-at="2021-10-27T14:06:20Z" name="setUp" finished-at="2021-10-27T14:06:27Z" duration-ms="6606" status="PASS">
          <reporter-output>
          </reporter-output>
        </test-method> <!-- setUp -->
        <test-method signature="AddcoursesaveAsDraft(java.lang.String, java.lang.String)[pri:4, instance:com.edu.qa.testcases.AddCourseTest@186f8716]" started-at="2021-10-27T14:06:27Z" name="AddcoursesaveAsDraft" data-provider="geteducollabTestData" finished-at="2021-10-27T14:07:00Z" duration-ms="32898" status="PASS">
          <params>
            <param index="0">
              <value>
                <![CDATA[pratibha.2@gmail.com]]>
              </value>
            </param>
            <param index="1">
              <value>
                <![CDATA[abcdefG1]]>
              </value>
            </param>
          </params>
          <reporter-output>
          </reporter-output>
        </test-method> <!-- AddcoursesaveAsDraft -->
        <test-method is-config="true" signature="tearDown()[pri:0, instance:com.edu.qa.testcases.AddCourseTest@186f8716]" started-at="2021-10-27T14:07:00Z" name="tearDown" finished-at="2021-10-27T14:07:00Z" duration-ms="161" status="PASS">
          <reporter-output>
          </reporter-output>
        </test-method> <!-- tearDown -->
        <test-method is-config="true" signature="setUp()[pri:0, instance:com.edu.qa.testcases.AddCourseTest@186f8716]" started-at="2021-10-27T14:07:14Z" name="setUp" finished-at="2021-10-27T14:07:21Z" duration-ms="6934" status="PASS">
          <reporter-output>
          </reporter-output>
        </test-method> <!-- setUp -->
        <test-method signature="AddcourseSubmit(java.lang.String, java.lang.String)[pri:5, instance:com.edu.qa.testcases.AddCourseTest@186f8716]" started-at="2021-10-27T14:07:21Z" name="AddcourseSubmit" data-provider="geteducollabTestData" finished-at="2021-10-27T14:09:25Z" duration-ms="124082" status="FAIL">
          <params>
            <param index="0">
              <value>
                <![CDATA[pratibha.2@gmail.com]]>
              </value>
            </param>
            <param index="1">
              <value>
                <![CDATA[abcdefG1]]>
              </value>
            </param>
          </params>
          <exception class="org.openqa.selenium.TimeoutException">
            <message>
              <![CDATA[Expected condition failed: waiting for visibility of Proxy element for: DefaultElementLocator 'By.xpath: //input[@class='form-control ng-valid ng-touched ng-dirty']' (tried for 90 second(s) with 500 milliseconds interval)]]>
            </message>
            <full-stacktrace>
              <![CDATA[org.openqa.selenium.TimeoutException: Expected condition failed: waiting for visibility of Proxy element for: DefaultElementLocator 'By.xpath: //input[@class='form-control ng-valid ng-touched ng-dirty']' (tried for 90 second(s) with 500 milliseconds interval)
	at org.openqa.selenium.support.ui.WebDriverWait.timeoutException(WebDriverWait.java:113)
	at org.openqa.selenium.support.ui.FluentWait.until(FluentWait.java:283)
	at com.edu.qa.util.TestUtil.waiting(TestUtil.java:124)
	at com.edu.qa.pages.AddCoursePage.selectLive(AddCoursePage.java:176)
	at com.edu.qa.testcases.AddCourseTest.AddcourseSubmit(AddCourseTest.java:143)
	at java.base/jdk.internal.reflect.NativeMethodAccessorImpl.invoke0(Native Method)
	at java.base/jdk.internal.reflect.NativeMethodAccessorImpl.invoke(NativeMethodAccessorImpl.java:78)
	at java.base/jdk.internal.reflect.DelegatingMethodAccessorImpl.invoke(DelegatingMethodAccessorImpl.java:43)
	at java.base/java.lang.reflect.Method.invoke(Method.java:567)
	at org.testng.internal.MethodInvocationHelper.invokeMethod(MethodInvocationHelper.java:108)
	at org.testng.internal.Invoker.invokeMethod(Invoker.java:661)
	at org.testng.internal.Invoker.invokeTestMethod(Invoker.java:869)
	at org.testng.internal.Invoker.invokeTestMethods(Invoker.java:1193)
	at org.testng.internal.TestMethodWorker.invokeTestMethods(TestMethodWorker.java:126)
	at org.testng.internal.TestMethodWorker.run(TestMethodWorker.java:109)
	at org.testng.TestRunner.privateRun(TestRunner.java:744)
	at org.testng.TestRunner.run(TestRunner.java:602)
	at org.testng.SuiteRunner.runTest(SuiteRunner.java:380)
	at org.testng.SuiteRunner.runSequentially(SuiteRunner.java:375)
	at org.testng.SuiteRunner.privateRun(SuiteRunner.java:340)
	at org.testng.SuiteRunner.run(SuiteRunner.java:289)
	at org.testng.SuiteRunnerWorker.runSuite(SuiteRunnerWorker.java:52)
	at org.testng.SuiteRunnerWorker.run(SuiteRunnerWorker.java:86)
	at org.testng.TestNG.runSuitesSequentially(TestNG.java:1301)
	at org.testng.TestNG.runSuitesLocally(TestNG.java:1226)
	at org.testng.TestNG.runSuites(TestNG.java:1144)
	at org.testng.TestNG.run(TestNG.java:1115)
	at org.testng.remote.AbstractRemoteTestNG.run(AbstractRemoteTestNG.java:115)
	at org.testng.remote.RemoteTestNG.initAndRun(RemoteTestNG.java:251)
	at org.testng.remote.RemoteTestNG.main(RemoteTestNG.java:77)
Caused by: org.openqa.selenium.NoSuchElementException: no such element: Unable to locate element: {"method":"xpath","selector":"//input[@class='form-control ng-valid ng-touched ng-dirty']"}
  (Session info: chrome=93.0.4577.63)
For documentation on this error, please visit: http://seleniumhq.org/exceptions/no_such_element.html
Build info: version: '3.14.0', revision: 'aacccce0', time: '2018-08-02T20:19:58.91Z'
System info: host: 'LAPTOP-QF45DOT0', ip: '192.168.100.10', os.name: 'Windows 10', os.arch: 'amd64', os.version: '10.0', java.version: '16.0.2'
Driver info: org.openqa.selenium.chrome.ChromeDriver
Capabilities {acceptInsecureCerts: false, browserName: chrome, browserVersion: 93.0.4577.63, chrome: {chromedriverVersion: 93.0.4577.63 (ff5c0da2ec0ad..., userDataDir: C:\Users\hp\AppData\Local\T...}, goog:chromeOptions: {debuggerAddress: localhost:53702}, javascriptEnabled: true, networkConnectionEnabled: false, pageLoadStrategy: normal, platform: WINDOWS, platformName: WINDOWS, proxy: Proxy(), setWindowRect: true, strictFileInteractability: false, timeouts: {implicit: 0, pageLoad: 300000, script: 30000}, unhandledPromptBehavior: dismiss and notify, webauthn:extension:credBlob: true, webauthn:extension:largeBlob: true, webauthn:virtualAuthenticators: true}
Session ID: 69e5922fbd5bf838594805d49e86eb2e
*** Element info: {Using=xpath, value=//input[@class='form-control ng-valid ng-touched ng-dirty']}
	at java.base/jdk.internal.reflect.NativeConstructorAccessorImpl.newInstance0(Native Method)
	at java.base/jdk.internal.reflect.NativeConstructorAccessorImpl.newInstance(NativeConstructorAccessorImpl.java:78)
	at java.base/jdk.internal.reflect.DelegatingConstructorAccessorImpl.newInstance(DelegatingConstructorAccessorImpl.java:45)
	at java.base/java.lang.reflect.Constructor.newInstanceWithCaller(Constructor.java:499)
	at java.base/java.lang.reflect.Constructor.newInstance(Constructor.java:480)
	at org.openqa.selenium.remote.http.W3CHttpResponseCodec.createException(W3CHttpResponseCodec.java:187)
	at org.openqa.selenium.remote.http.W3CHttpResponseCodec.decode(W3CHttpResponseCodec.java:122)
	at org.openqa.selenium.remote.http.W3CHttpResponseCodec.decode(W3CHttpResponseCodec.java:49)
	at org.openqa.selenium.remote.HttpCommandExecutor.execute(HttpCommandExecutor.java:158)
	at org.openqa.selenium.remote.service.DriverCommandExecutor.execute(DriverCommandExecutor.java:83)
	at org.openqa.selenium.remote.RemoteWebDriver.execute(RemoteWebDriver.java:548)
	at org.openqa.selenium.remote.RemoteWebDriver.findElement(RemoteWebDriver.java:322)
	at org.openqa.selenium.remote.RemoteWebDriver.findElementByXPath(RemoteWebDriver.java:424)
	at org.openqa.selenium.By$ByXPath.findElement(By.java:353)
	at org.openqa.selenium.remote.RemoteWebDriver.findElement(RemoteWebDriver.java:314)
	at jdk.internal.reflect.GeneratedMethodAccessor2.invoke(Unknown Source)
	at java.base/jdk.internal.reflect.DelegatingMethodAccessorImpl.invoke(DelegatingMethodAccessorImpl.java:43)
	at java.base/java.lang.reflect.Method.invoke(Method.java:567)
	at org.openqa.selenium.support.events.EventFiringWebDriver.lambda$new$1(EventFiringWebDriver.java:105)
	at jdk.proxy2/jdk.proxy2.$Proxy11.findElement(Unknown Source)
	at org.openqa.selenium.support.events.EventFiringWebDriver.findElement(EventFiringWebDriver.java:194)
	at org.openqa.selenium.support.pagefactory.DefaultElementLocator.findElement(DefaultElementLocator.java:69)
	at org.openqa.selenium.support.pagefactory.internal.LocatingElementHandler.invoke(LocatingElementHandler.java:38)
	at jdk.proxy2/jdk.proxy2.$Proxy15.isDisplayed(Unknown Source)
	at org.openqa.selenium.support.ui.ExpectedConditions.elementIfVisible(ExpectedConditions.java:315)
	at org.openqa.selenium.support.ui.ExpectedConditions.access$100(ExpectedConditions.java:44)
	at org.openqa.selenium.support.ui.ExpectedConditions$10.apply(ExpectedConditions.java:301)
	at org.openqa.selenium.support.ui.ExpectedConditions$10.apply(ExpectedConditions.java:298)
	at org.openqa.selenium.support.ui.FluentWait.until(FluentWait.java:260)
	... 28 more
]]>
            </full-stacktrace>
          </exception> <!-- org.openqa.selenium.TimeoutException -->
          <reporter-output>
          </reporter-output>
        </test-method> <!-- AddcourseSubmit -->
        <test-method is-config="true" signature="tearDown()[pri:0, instance:com.edu.qa.testcases.AddCourseTest@186f8716]" started-at="2021-10-27T14:09:25Z" name="tearDown" finished-at="2021-10-27T14:09:25Z" duration-ms="155" status="PASS">
          <reporter-output>
          </reporter-output>
        </test-method> <!-- tearDown -->
        <test-method is-config="true" signature="setUp()[pri:0, instance:com.edu.qa.testcases.AddCourseTest@186f8716]" started-at="2021-10-27T14:09:32Z" name="setUp" finished-at="2021-10-27T14:09:39Z" duration-ms="6771" status="PASS">
          <reporter-output>
          </reporter-output>
        </test-method> <!-- setUp -->
        <test-method signature="AddcourseSubmitwithoutLive(java.lang.String, java.lang.String)[pri:6, instance:com.edu.qa.testcases.AddCourseTest@186f8716]" started-at="2021-10-27T14:09:39Z" name="AddcourseSubmitwithoutLive" data-provider="geteducollabTestData" finished-at="2021-10-27T14:10:12Z" duration-ms="33359" status="PASS">
          <params>
            <param index="0">
              <value>
                <![CDATA[pratibha.2@gmail.com]]>
              </value>
            </param>
            <param index="1">
              <value>
                <![CDATA[abcdefG1]]>
              </value>
            </param>
          </params>
          <reporter-output>
          </reporter-output>
        </test-method> <!-- AddcourseSubmitwithoutLive -->
        <test-method is-config="true" signature="tearDown()[pri:0, instance:com.edu.qa.testcases.AddCourseTest@186f8716]" started-at="2021-10-27T14:10:12Z" name="tearDown" finished-at="2021-10-27T14:10:13Z" duration-ms="175" status="PASS">
          <reporter-output>
          </reporter-output>
        </test-method> <!-- tearDown -->
      </class> <!-- com.edu.qa.testcases.AddCourseTest -->
      <class name="com.edu.qa.testcases.QuestionBankTest">
        <test-method is-config="true" signature="setUp()[pri:0, instance:com.edu.qa.testcases.QuestionBankTest@1d8bd0de]" started-at="2021-10-27T14:05:12Z" name="setUp" finished-at="2021-10-27T14:05:18Z" duration-ms="6691" status="PASS">
          <reporter-output>
          </reporter-output>
        </test-method> <!-- setUp -->
        <test-method signature="ValidateQuestionBank(java.lang.String, java.lang.String)[pri:1, instance:com.edu.qa.testcases.QuestionBankTest@1d8bd0de]" started-at="2021-10-27T14:05:18Z" name="ValidateQuestionBank" data-provider="geteducollabTestData" finished-at="2021-10-27T14:05:19Z" duration-ms="925" status="FAIL">
          <params>
            <param index="0">
              <value>
                <![CDATA[pratibha.2@gmail.com]]>
              </value>
            </param>
            <param index="1">
              <value>
                <![CDATA[abcdefG1]]>
              </value>
            </param>
          </params>
          <exception class="org.openqa.selenium.StaleElementReferenceException">
            <message>
              <![CDATA[stale element reference: element is not attached to the page document
  (Session info: chrome=93.0.4577.63)
For documentation on this error, please visit: http://seleniumhq.org/exceptions/stale_element_reference.html
Build info: version: '3.14.0', revision: 'aacccce0', time: '2018-08-02T20:19:58.91Z'
System info: host: 'LAPTOP-QF45DOT0', ip: '192.168.100.10', os.name: 'Windows 10', os.arch: 'amd64', os.version: '10.0', java.version: '16.0.2'
Driver info: org.openqa.selenium.chrome.ChromeDriver
Capabilities {acceptInsecureCerts: false, browserName: chrome, browserVersion: 93.0.4577.63, chrome: {chromedriverVersion: 93.0.4577.63 (ff5c0da2ec0ad..., userDataDir: C:\Users\hp\AppData\Local\T...}, goog:chromeOptions: {debuggerAddress: localhost:65133}, javascriptEnabled: true, networkConnectionEnabled: false, pageLoadStrategy: normal, platform: WINDOWS, platformName: WINDOWS, proxy: Proxy(), setWindowRect: true, strictFileInteractability: false, timeouts: {implicit: 0, pageLoad: 300000, script: 30000}, unhandledPromptBehavior: dismiss and notify, webauthn:extension:credBlob: true, webauthn:extension:largeBlob: true, webauthn:virtualAuthenticators: true}
Session ID: 31d751d10e830379d9487871b79cf06b]]>
            </message>
            <full-stacktrace>
              <![CDATA[org.openqa.selenium.StaleElementReferenceException: stale element reference: element is not attached to the page document
  (Session info: chrome=93.0.4577.63)
For documentation on this error, please visit: http://seleniumhq.org/exceptions/stale_element_reference.html
Build info: version: '3.14.0', revision: 'aacccce0', time: '2018-08-02T20:19:58.91Z'
System info: host: 'LAPTOP-QF45DOT0', ip: '192.168.100.10', os.name: 'Windows 10', os.arch: 'amd64', os.version: '10.0', java.version: '16.0.2'
Driver info: org.openqa.selenium.chrome.ChromeDriver
Capabilities {acceptInsecureCerts: false, browserName: chrome, browserVersion: 93.0.4577.63, chrome: {chromedriverVersion: 93.0.4577.63 (ff5c0da2ec0ad..., userDataDir: C:\Users\hp\AppData\Local\T...}, goog:chromeOptions: {debuggerAddress: localhost:65133}, javascriptEnabled: true, networkConnectionEnabled: false, pageLoadStrategy: normal, platform: WINDOWS, platformName: WINDOWS, proxy: Proxy(), setWindowRect: true, strictFileInteractability: false, timeouts: {implicit: 0, pageLoad: 300000, script: 30000}, unhandledPromptBehavior: dismiss and notify, webauthn:extension:credBlob: true, webauthn:extension:largeBlob: true, webauthn:virtualAuthenticators: true}
Session ID: 31d751d10e830379d9487871b79cf06b
	at java.base/jdk.internal.reflect.NativeConstructorAccessorImpl.newInstance0(Native Method)
	at java.base/jdk.internal.reflect.NativeConstructorAccessorImpl.newInstance(NativeConstructorAccessorImpl.java:78)
	at java.base/jdk.internal.reflect.DelegatingConstructorAccessorImpl.newInstance(DelegatingConstructorAccessorImpl.java:45)
	at java.base/java.lang.reflect.Constructor.newInstanceWithCaller(Constructor.java:499)
	at java.base/java.lang.reflect.Constructor.newInstance(Constructor.java:480)
	at org.openqa.selenium.remote.http.W3CHttpResponseCodec.createException(W3CHttpResponseCodec.java:187)
	at org.openqa.selenium.remote.http.W3CHttpResponseCodec.decode(W3CHttpResponseCodec.java:122)
	at org.openqa.selenium.remote.http.W3CHttpResponseCodec.decode(W3CHttpResponseCodec.java:49)
	at org.openqa.selenium.remote.HttpCommandExecutor.execute(HttpCommandExecutor.java:158)
	at org.openqa.selenium.remote.service.DriverCommandExecutor.execute(DriverCommandExecutor.java:83)
	at org.openqa.selenium.remote.RemoteWebDriver.execute(RemoteWebDriver.java:548)
	at org.openqa.selenium.remote.RemoteWebElement.execute(RemoteWebElement.java:276)
	at org.openqa.selenium.remote.RemoteWebElement.getText(RemoteWebElement.java:160)
	at java.base/jdk.internal.reflect.NativeMethodAccessorImpl.invoke0(Native Method)
	at java.base/jdk.internal.reflect.NativeMethodAccessorImpl.invoke(NativeMethodAccessorImpl.java:78)
	at java.base/jdk.internal.reflect.DelegatingMethodAccessorImpl.invoke(DelegatingMethodAccessorImpl.java:43)
	at java.base/java.lang.reflect.Method.invoke(Method.java:567)
	at org.openqa.selenium.support.events.EventFiringWebDriver$EventFiringWebElement.lambda$new$0(EventFiringWebDriver.java:403)
	at jdk.proxy2/jdk.proxy2.$Proxy16.getText(Unknown Source)
	at org.openqa.selenium.support.events.EventFiringWebDriver$EventFiringWebElement.getText(EventFiringWebDriver.java:462)
	at com.edu.qa.pages.QuestionBankPage.Questionlist(QuestionBankPage.java:65)
	at com.edu.qa.pages.QuestionBankPage.InputQuestion(QuestionBankPage.java:56)
	at com.edu.qa.testcases.QuestionBankTest.ValidateQuestionBank(QuestionBankTest.java:76)
	at java.base/jdk.internal.reflect.NativeMethodAccessorImpl.invoke0(Native Method)
	at java.base/jdk.internal.reflect.NativeMethodAccessorImpl.invoke(NativeMethodAccessorImpl.java:78)
	at java.base/jdk.internal.reflect.DelegatingMethodAccessorImpl.invoke(DelegatingMethodAccessorImpl.java:43)
	at java.base/java.lang.reflect.Method.invoke(Method.java:567)
	at org.testng.internal.MethodInvocationHelper.invokeMethod(MethodInvocationHelper.java:108)
	at org.testng.internal.Invoker.invokeMethod(Invoker.java:661)
	at org.testng.internal.Invoker.invokeTestMethod(Invoker.java:869)
	at org.testng.internal.Invoker.invokeTestMethods(Invoker.java:1193)
	at org.testng.internal.TestMethodWorker.invokeTestMethods(TestMethodWorker.java:126)
	at org.testng.internal.TestMethodWorker.run(TestMethodWorker.java:109)
	at org.testng.TestRunner.privateRun(TestRunner.java:744)
	at org.testng.TestRunner.run(TestRunner.java:602)
	at org.testng.SuiteRunner.runTest(SuiteRunner.java:380)
	at org.testng.SuiteRunner.runSequentially(SuiteRunner.java:375)
	at org.testng.SuiteRunner.privateRun(SuiteRunner.java:340)
	at org.testng.SuiteRunner.run(SuiteRunner.java:289)
	at org.testng.SuiteRunnerWorker.runSuite(SuiteRunnerWorker.java:52)
	at org.testng.SuiteRunnerWorker.run(SuiteRunnerWorker.java:86)
	at org.testng.TestNG.runSuitesSequentially(TestNG.java:1301)
	at org.testng.TestNG.runSuitesLocally(TestNG.java:1226)
	at org.testng.TestNG.runSuites(TestNG.java:1144)
	at org.testng.TestNG.run(TestNG.java:1115)
	at org.testng.remote.AbstractRemoteTestNG.run(AbstractRemoteTestNG.java:115)
	at org.testng.remote.RemoteTestNG.initAndRun(RemoteTestNG.java:251)
	at org.testng.remote.RemoteTestNG.main(RemoteTestNG.java:77)
]]>
            </full-stacktrace>
          </exception> <!-- org.openqa.selenium.StaleElementReferenceException -->
          <reporter-output>
          </reporter-output>
        </test-method> <!-- ValidateQuestionBank -->
        <test-method is-config="true" signature="tearDown()[pri:0, instance:com.edu.qa.testcases.QuestionBankTest@1d8bd0de]" started-at="2021-10-27T14:05:19Z" name="tearDown" finished-at="2021-10-27T14:05:19Z" duration-ms="120" status="PASS">
          <reporter-output>
          </reporter-output>
        </test-method> <!-- tearDown -->
        <test-method is-config="true" signature="setUp()[pri:0, instance:com.edu.qa.testcases.QuestionBankTest@1d8bd0de]" started-at="2021-10-27T14:05:19Z" name="setUp" finished-at="2021-10-27T14:05:26Z" duration-ms="6533" status="PASS">
          <reporter-output>
          </reporter-output>
        </test-method> <!-- setUp -->
        <test-method signature="ValidateQuestionBanklevel(java.lang.String, java.lang.String)[pri:1, instance:com.edu.qa.testcases.QuestionBankTest@1d8bd0de]" started-at="2021-10-27T14:05:26Z" name="ValidateQuestionBanklevel" data-provider="geteducollabTestData" finished-at="2021-10-27T14:05:26Z" duration-ms="527" status="PASS">
          <params>
            <param index="0">
              <value>
                <![CDATA[pratibha.2@gmail.com]]>
              </value>
            </param>
            <param index="1">
              <value>
                <![CDATA[abcdefG1]]>
              </value>
            </param>
          </params>
          <reporter-output>
          </reporter-output>
        </test-method> <!-- ValidateQuestionBanklevel -->
        <test-method is-config="true" signature="tearDown()[pri:0, instance:com.edu.qa.testcases.QuestionBankTest@1d8bd0de]" started-at="2021-10-27T14:05:26Z" name="tearDown" finished-at="2021-10-27T14:05:26Z" duration-ms="128" status="PASS">
          <reporter-output>
          </reporter-output>
        </test-method> <!-- tearDown -->
      </class> <!-- com.edu.qa.testcases.QuestionBankTest -->
    </test> <!-- Educollab App Test Cases -->
  </suite> <!-- Educollab Application Test Automation Test Suite -->
</testng-results>
